NOTE: PROCEDURE PRINTTO used (Total process time):
      real time           0.01 seconds
      cpu time            0.00 seconds
      

714  
715  
716  /*Creating macros for convience directory changes*/
717  %let output =D:\KiTel_CS\Case_study_5\output;
718  %let RawData=D:\KiTel_CS\Case_study_5\RawData ;
719  /*Creating permanent library*/
720  libname Input "&RawData" ;
NOTE: Libref INPUT was successfully assigned as follows: 
      Engine:        V9 
      Physical Name: D:\KiTel_CS\Case_study_5\RawData
721  libname output "&output" ;
NOTE: Libref OUTPUT was successfully assigned as follows: 
      Engine:        V9 
      Physical Name: D:\KiTel_CS\Case_study_5\output
722  
723  /*Importing  SAS dataset*/
724  data screen;
725  set Input.sc;
726  run;

NOTE: There were 10 observations read from the data set INPUT.SC.
NOTE: The data set WORK.SCREEN has 10 observations and 3 variables.
NOTE: DATA statement used (Total process time):
      real time           0.00 seconds
      cpu time            0.00 seconds
      

727  data patients;
728  set Input.pat_inf;
729  run;

NOTE: There were 11 observations read from the data set INPUT.PAT_INF.
NOTE: The data set WORK.PATIENTS has 11 observations and 9 variables.
NOTE: DATA statement used (Total process time):
      real time           0.00 seconds
      cpu time            0.00 seconds
      

730  data lab;
731  set Input.lab;
732  run;

NOTE: There were 19 observations read from the data set INPUT.LAB.
NOTE: The data set WORK.LAB has 19 observations and 1 variables.
NOTE: DATA statement used (Total process time):
      real time           0.00 seconds
      cpu time            0.00 seconds
      

733  
734  /*Modifying as per requirement*/
735  data scr(drop=patid);
736  retain site pat scr_test;
737  set screen;
738  length pat 3;
739  pat=tranwrd(patid,'y',' ');
740  run;

NOTE: Character values have been converted to numeric values at the places given by: (Line):(Column).
      739:5   
NOTE: There were 10 observations read from the data set WORK.SCREEN.
NOTE: The data set WORK.SCR has 10 observations and 3 variables.
NOTE: DATA statement used (Total process time):
      real time           0.00 seconds
      cpu time            0.00 seconds
      

741  
742  /*Sorting dataset*/
743  proc sort data=scr;
744  by site pat;
745  run;

NOTE: There were 10 observations read from the data set WORK.SCR.
NOTE: The data set WORK.SCR has 10 observations and 3 variables.
NOTE: PROCEDURE SORT used (Total process time):
      real time           0.00 seconds
      cpu time            0.00 seconds
      

746  
747  proc sort data=patients out=pat_inf;
748  by site patid;
749  run;

NOTE: There were 11 observations read from the data set WORK.PATIENTS.
NOTE: The data set WORK.PAT_INF has 11 observations and 9 variables.
NOTE: PROCEDURE SORT used (Total process time):
      real time           0.00 seconds
      cpu time            0.00 seconds
      

750  
751  /*Merging of data*/
752  data merges(drop=dob dat);
753  merge pat_inf(in=a) scr(in=b rename=(pat=patid));
754  by site patid;
755  if a and b;
756  dat=input(dob,mmddyy10.);
757  birdt=dat;
758  format birdt date9.;
759  age=intck("year",birdt,today());
760  run;

NOTE: There were 11 observations read from the data set WORK.PAT_INF.
NOTE: There were 10 observations read from the data set WORK.SCR.
NOTE: The data set WORK.MERGES has 9 observations and 11 variables.
NOTE: DATA statement used (Total process time):
      real time           0.00 seconds
      cpu time            0.00 seconds
      

761  
762  proc sql;
763  create table sc as select * from merges,lab
764  order by site,patid,lb_test;
NOTE: The execution of this query involves performing one or more Cartesian product joins that can 
      not be optimized.
NOTE: Table WORK.SC created, with 171 rows and 12 columns.

765  quit;
NOTE: PROCEDURE SQL used (Total process time):
      real time           0.00 seconds
      cpu time            0.00 seconds
      

766  
767  data sc (drop=height weight);
768  set sc;
769  ht=input(height,5.1);
770  wt=input(weight,6.2);
771  run;

NOTE: There were 171 observations read from the data set WORK.SC.
NOTE: The data set WORK.SC has 171 observations and 12 variables.
NOTE: DATA statement used (Total process time):
      real time           0.00 seconds
      cpu time            0.00 seconds
      

772  
773  /*Generating report according to mock shell and specifications*/
774  ods listing;
775  ods rtf file="&output\sc.rtf";
NOTE: Writing RTF Body file: D:\KiTel_CS\Case_study_5\output\sc.rtf
776  ods listing file="&output\sc.lst";
777  title1 'Listing 5';
778  title2 'Screening Patient';
779  footnote1 '* 1=Male & 2=Female';
780  footnote2 "**Created by Naresh Reddy Akkaluri &sysdate. &sysday. &systime.";
781  proc report data=sc;
782  column site patid age sex birdt ht wt racespec lb_test;
783  define site/order "SITE" center;
784  define patid/group "PATID" center;
785  define age/order "AGE" center;
786  define sex/order "SEX" center;
787  define birdt/order format=date9. "BIRDT" center;
788  define ht/order format=5.1 "HEIGHT" center;
789  define wt/order format=6.2 "WEIGHT" center;
790  define racespec/order "RACESPEC" center;
791  define lb_test/display "LB_TEST" center;
792  run;

NOTE: Groups are not created because the usage of lb_test is DISPLAY. To avoid this note, change all 
GROUP variables to ORDER variables.
NOTE: There were 171 observations read from the data set WORK.SC.
NOTE: PROCEDURE REPORT used (Total process time):
      real time           0.06 seconds
      cpu time            0.03 seconds
      

793  
794  ods rtf close;
795  ods listing close;
796  ods listing;
797  /*Closing log file*/
798  proc printto;
799  run;

